<?xml version="1.0" encoding="UTF-8"?>
<!-- Generated by org.testng.reporters.JUnitReportReporter -->
<testsuite hostname="Safiuls-MacBook-Pro.local" name="com.fluentWait.test.GoogleApiTest" tests="1" failures="0" timestamp="23 Sep 2020 12:41:40 GMT" time="2.159" errors="0">
  <testcase name="googleApiTest" time="2.159" classname="com.fluentWait.test.GoogleApiTest"/>
</testsuite> <!-- com.fluentWait.test.GoogleApiTest -->
