<?xml version="1.0" encoding="UTF-8"?>
<!-- Generated by org.testng.reporters.JUnitReportReporter -->
<testsuite hostname="Safiuls-MacBook-Pro.local" name="com.fluentWait.test.GoogleApiTest" tests="1" failures="0" timestamp="24 Sep 2020 13:15:29 GMT" time="2.502" errors="0">
  <testcase name="googleApiTest" time="2.502" classname="com.fluentWait.test.GoogleApiTest"/>
</testsuite> <!-- com.fluentWait.test.GoogleApiTest -->
